 
Wed Dec  7 07:36:16 UTC 2022
Wed Dec  7 07:36:46 UTC 2022
Wed Dec  7 07:37:17 UTC 2022
Wed Dec  7 07:37:47 UTC 2022
Wed Dec  7 07:38:17 UTC 2022
Wed Dec  7 07:38:47 UTC 2022
Wed Dec  7 07:39:17 UTC 2022
Wed Dec  7 07:39:47 UTC 2022
Wed Dec  7 07:40:17 UTC 2022
Wed Dec  7 07:40:47 UTC 2022
Wed Dec  7 07:41:17 UTC 2022
Wed Dec  7 07:41:47 UTC 2022
Wed Dec  7 07:42:17 UTC 2022
Wed Dec  7 07:42:47 UTC 2022
Wed Dec  7 07:43:18 UTC 2022
Wed Dec  7 07:43:48 UTC 2022
Wed Dec  7 08:12:53 UTC 2022
Wed Dec  7 08:28:40 UTC 2022
Wed Dec  7 08:29:10 UTC 2022
Wed Dec  7 08:31:51 UTC 2022
Wed Dec  7 08:32:26 UTC 2022
Wed Dec  7 08:33:16 UTC 2022
Wed Dec  7 08:34:06 UTC 2022
Wed Dec  7 08:35:11 UTC 2022
Wed Dec  7 08:39:02 UTC 2022
Wed Dec  7 08:43:48 UTC 2022
Wed Dec  7 08:44:33 UTC 2022
Wed Dec  7 08:44:58 UTC 2022
Wed Dec  7 08:45:28 UTC 2022
Wed Dec  7 08:45:53 UTC 2022
Wed Dec  7 08:46:23 UTC 2022
Wed Dec  7 08:46:48 UTC 2022
Wed Dec  7 08:47:18 UTC 2022
Wed Dec  7 08:47:43 UTC 2022
Wed Dec  7 08:48:13 UTC 2022
Wed Dec  7 08:48:39 UTC 2022
Wed Dec  7 08:49:04 UTC 2022
Wed Dec  7 08:49:34 UTC 2022
Wed Dec  7 08:49:59 UTC 2022
Wed Dec  7 08:50:29 UTC 2022
Wed Dec  7 08:50:59 UTC 2022
Wed Dec  7 08:51:24 UTC 2022
Wed Dec  7 08:51:54 UTC 2022
Wed Dec  7 08:52:24 UTC 2022
Wed Dec  7 08:52:49 UTC 2022
Wed Dec  7 08:53:14 UTC 2022
Wed Dec  7 08:53:44 UTC 2022
Wed Dec  7 08:54:09 UTC 2022
Wed Dec  7 08:54:39 UTC 2022
Wed Dec  7 08:55:05 UTC 2022
Wed Dec  7 08:55:35 UTC 2022
Wed Dec  7 08:56:00 UTC 2022
Wed Dec  7 08:56:25 UTC 2022
Wed Dec  7 08:56:55 UTC 2022
Wed Dec  7 08:57:20 UTC 2022
Wed Dec  7 08:57:50 UTC 2022
Wed Dec  7 08:58:20 UTC 2022
Wed Dec  7 08:58:45 UTC 2022
Wed Dec  7 08:59:15 UTC 2022
Wed Dec  7 08:59:40 UTC 2022
Wed Dec  7 09:00:10 UTC 2022
Wed Dec  7 09:00:35 UTC 2022
Wed Dec  7 09:01:06 UTC 2022
Wed Dec  7 09:01:31 UTC 2022
Wed Dec  7 09:02:01 UTC 2022
Wed Dec  7 09:02:26 UTC 2022
Wed Dec  7 09:09:27 UTC 2022
Wed Dec  7 09:09:57 UTC 2022
Wed Dec  7 09:10:22 UTC 2022
Wed Dec  7 09:10:52 UTC 2022
Wed Dec  7 09:11:17 UTC 2022
Wed Dec  7 09:11:47 UTC 2022
Wed Dec  7 09:12:53 UTC 2022
Wed Dec  7 09:13:18 UTC 2022
Wed Dec  7 09:13:48 UTC 2022
Wed Dec  7 09:14:13 UTC 2022
Wed Dec  7 09:14:58 UTC 2022
Wed Dec  7 09:16:28 UTC 2022
Wed Dec  7 09:16:58 UTC 2022
Wed Dec  7 09:17:28 UTC 2022
Wed Dec  7 09:17:53 UTC 2022
Wed Dec  7 09:18:24 UTC 2022
Wed Dec  7 09:18:54 UTC 2022
Wed Dec  7 09:19:24 UTC 2022
Wed Dec  7 09:19:54 UTC 2022
Wed Dec  7 09:20:19 UTC 2022
Wed Dec  7 09:20:49 UTC 2022
Wed Dec  7 09:21:14 UTC 2022
Wed Dec  7 09:21:44 UTC 2022
Wed Dec  7 09:22:09 UTC 2022
Wed Dec  7 09:22:39 UTC 2022
Wed Dec  7 09:23:04 UTC 2022
Wed Dec  7 09:23:34 UTC 2022
Wed Dec  7 09:24:04 UTC 2022
Wed Dec  7 09:24:30 UTC 2022
Wed Dec  7 09:24:55 UTC 2022
Wed Dec  7 09:25:25 UTC 2022
Wed Dec  7 09:25:50 UTC 2022
Wed Dec  7 09:26:20 UTC 2022
Wed Dec  7 09:26:45 UTC 2022
Wed Dec  7 09:27:15 UTC 2022
Wed Dec  7 09:27:40 UTC 2022
Wed Dec  7 09:28:10 UTC 2022
Wed Dec  7 09:28:35 UTC 2022
Wed Dec  7 09:29:05 UTC 2022
Wed Dec  7 09:29:30 UTC 2022
Wed Dec  7 09:30:00 UTC 2022
Wed Dec  7 09:30:26 UTC 2022
Wed Dec  7 09:30:56 UTC 2022
Wed Dec  7 09:31:21 UTC 2022
Wed Dec  7 09:31:51 UTC 2022
Wed Dec  7 09:32:21 UTC 2022
Wed Dec  7 09:32:46 UTC 2022
Wed Dec  7 09:33:16 UTC 2022
Wed Dec  7 09:33:46 UTC 2022
Wed Dec  7 09:34:11 UTC 2022
Wed Dec  7 09:34:36 UTC 2022
Wed Dec  7 09:35:06 UTC 2022
Wed Dec  7 09:35:31 UTC 2022
Wed Dec  7 09:36:01 UTC 2022
Wed Dec  7 09:36:27 UTC 2022
Wed Dec  7 09:36:57 UTC 2022
Wed Dec  7 09:37:22 UTC 2022
Wed Dec  7 09:37:52 UTC 2022
Wed Dec  7 09:38:17 UTC 2022
Wed Dec  7 09:38:47 UTC 2022
Wed Dec  7 09:39:12 UTC 2022
Wed Dec  7 09:39:42 UTC 2022
Wed Dec  7 09:40:12 UTC 2022
Wed Dec  7 09:40:37 UTC 2022
Wed Dec  7 09:41:07 UTC 2022
Wed Dec  7 09:41:32 UTC 2022
Wed Dec  7 09:42:03 UTC 2022
Wed Dec  7 09:42:33 UTC 2022
Wed Dec  7 09:43:03 UTC 2022
Wed Dec  7 09:43:33 UTC 2022
Wed Dec  7 09:43:58 UTC 2022
Wed Dec  7 09:44:28 UTC 2022
Wed Dec  7 09:44:53 UTC 2022
Wed Dec  7 09:45:23 UTC 2022
Wed Dec  7 09:45:48 UTC 2022
Wed Dec  7 09:46:18 UTC 2022
Wed Dec  7 09:46:48 UTC 2022
Wed Dec  7 09:47:13 UTC 2022
Wed Dec  7 09:47:44 UTC 2022
Wed Dec  7 09:48:09 UTC 2022
Wed Dec  7 09:48:39 UTC 2022
Wed Dec  7 09:49:04 UTC 2022
Wed Dec  7 09:49:34 UTC 2022
Wed Dec  7 09:50:04 UTC 2022
Wed Dec  7 09:50:29 UTC 2022
Wed Dec  7 09:50:59 UTC 2022
Wed Dec  7 09:51:29 UTC 2022
Wed Dec  7 09:51:59 UTC 2022
Wed Dec  7 09:52:24 UTC 2022
Wed Dec  7 09:52:54 UTC 2022
Wed Dec  7 09:53:19 UTC 2022
Wed Dec  7 09:53:50 UTC 2022
Wed Dec  7 09:54:15 UTC 2022
Wed Dec  7 09:54:45 UTC 2022
Wed Dec  7 09:55:15 UTC 2022
Wed Dec  7 09:55:40 UTC 2022
Wed Dec  7 09:56:10 UTC 2022
Wed Dec  7 09:56:35 UTC 2022
Wed Dec  7 09:57:05 UTC 2022
Wed Dec  7 09:57:35 UTC 2022
Wed Dec  7 09:58:00 UTC 2022
Wed Dec  7 09:58:30 UTC 2022
Wed Dec  7 09:58:55 UTC 2022
Wed Dec  7 09:59:26 UTC 2022
Wed Dec  7 09:59:51 UTC 2022
Wed Dec  7 10:00:21 UTC 2022
Wed Dec  7 10:00:46 UTC 2022
Wed Dec  7 10:01:16 UTC 2022
Wed Dec  7 10:01:41 UTC 2022
Wed Dec  7 10:02:11 UTC 2022
Wed Dec  7 10:02:36 UTC 2022
Wed Dec  7 10:03:01 UTC 2022
Wed Dec  7 10:03:26 UTC 2022
Wed Dec  7 10:03:52 UTC 2022
Wed Dec  7 10:04:22 UTC 2022
Wed Dec  7 10:04:52 UTC 2022
Wed Dec  7 10:05:17 UTC 2022
Wed Dec  7 10:05:47 UTC 2022
Wed Dec  7 10:06:17 UTC 2022
Wed Dec  7 10:06:47 UTC 2022
Wed Dec  7 10:07:17 UTC 2022
Wed Dec  7 10:07:47 UTC 2022
Wed Dec  7 10:08:12 UTC 2022
Wed Dec  7 10:08:43 UTC 2022
Wed Dec  7 10:09:08 UTC 2022
Wed Dec  7 10:09:38 UTC 2022
Wed Dec  7 10:10:03 UTC 2022
Wed Dec  7 10:10:33 UTC 2022
Wed Dec  7 10:10:58 UTC 2022
Wed Dec  7 10:11:28 UTC 2022
Wed Dec  7 10:11:53 UTC 2022
Wed Dec  7 10:12:18 UTC 2022
Wed Dec  7 10:12:48 UTC 2022
Wed Dec  7 10:13:13 UTC 2022
Wed Dec  7 10:13:44 UTC 2022
Wed Dec  7 10:14:14 UTC 2022
Wed Dec  7 10:14:39 UTC 2022
Wed Dec  7 10:15:09 UTC 2022
Wed Dec  7 10:15:39 UTC 2022
Wed Dec  7 10:16:04 UTC 2022
Wed Dec  7 10:16:34 UTC 2022
Wed Dec  7 10:16:59 UTC 2022
Wed Dec  7 10:17:24 UTC 2022
Wed Dec  7 10:17:54 UTC 2022
Wed Dec  7 10:18:19 UTC 2022
Wed Dec  7 10:18:45 UTC 2022
Wed Dec  7 10:19:15 UTC 2022
Wed Dec  7 10:19:45 UTC 2022
Wed Dec  7 10:20:10 UTC 2022
Wed Dec  7 10:20:40 UTC 2022
Wed Dec  7 10:21:05 UTC 2022
Wed Dec  7 10:21:35 UTC 2022
Wed Dec  7 10:22:05 UTC 2022
Wed Dec  7 10:22:35 UTC 2022
Wed Dec  7 10:23:05 UTC 2022
Wed Dec  7 10:23:31 UTC 2022
Wed Dec  7 10:24:01 UTC 2022
Wed Dec  7 10:24:31 UTC 2022
Wed Dec  7 10:25:01 UTC 2022
Wed Dec  7 10:25:31 UTC 2022
Wed Dec  7 10:26:01 UTC 2022
Wed Dec  7 10:26:31 UTC 2022
Wed Dec  7 10:26:56 UTC 2022
Wed Dec  7 10:27:26 UTC 2022
Wed Dec  7 10:27:56 UTC 2022
Wed Dec  7 10:28:22 UTC 2022
Wed Dec  7 10:28:52 UTC 2022
Wed Dec  7 10:29:17 UTC 2022
Wed Dec  7 10:29:42 UTC 2022
Wed Dec  7 10:30:12 UTC 2022
Wed Dec  7 10:30:37 UTC 2022
Wed Dec  7 10:31:07 UTC 2022
Wed Dec  7 10:31:32 UTC 2022
Wed Dec  7 10:32:02 UTC 2022
Wed Dec  7 10:32:27 UTC 2022
Wed Dec  7 10:32:52 UTC 2022
Wed Dec  7 10:33:23 UTC 2022
Wed Dec  7 10:33:48 UTC 2022
Wed Dec  7 10:34:18 UTC 2022
Wed Dec  7 10:34:43 UTC 2022
Wed Dec  7 10:35:13 UTC 2022
Wed Dec  7 10:35:38 UTC 2022
Wed Dec  7 10:36:08 UTC 2022
Wed Dec  7 10:36:38 UTC 2022
Wed Dec  7 10:37:03 UTC 2022
Wed Dec  7 10:37:33 UTC 2022
Wed Dec  7 10:37:58 UTC 2022
Wed Dec  7 10:38:24 UTC 2022
Wed Dec  7 10:38:54 UTC 2022
Wed Dec  7 10:39:19 UTC 2022
Wed Dec  7 10:39:49 UTC 2022
Wed Dec  7 10:40:19 UTC 2022
Wed Dec  7 10:40:44 UTC 2022
Wed Dec  7 10:41:14 UTC 2022
Wed Dec  7 10:41:39 UTC 2022
Wed Dec  7 10:42:09 UTC 2022
Wed Dec  7 10:42:39 UTC 2022
Wed Dec  7 10:43:05 UTC 2022
Wed Dec  7 10:43:35 UTC 2022
Wed Dec  7 10:44:00 UTC 2022
Wed Dec  7 10:44:25 UTC 2022
Wed Dec  7 10:44:55 UTC 2022
Wed Dec  7 10:45:20 UTC 2022
Wed Dec  7 10:45:45 UTC 2022
Wed Dec  7 10:46:15 UTC 2022
Wed Dec  7 10:46:40 UTC 2022
Wed Dec  7 10:47:10 UTC 2022
Wed Dec  7 10:47:36 UTC 2022
Wed Dec  7 10:48:01 UTC 2022
Wed Dec  7 10:48:31 UTC 2022
Wed Dec  7 10:48:56 UTC 2022
Wed Dec  7 10:49:26 UTC 2022
Wed Dec  7 10:49:56 UTC 2022
Wed Dec  7 10:50:21 UTC 2022
Wed Dec  7 10:50:51 UTC 2022
Wed Dec  7 10:51:16 UTC 2022
Wed Dec  7 10:51:46 UTC 2022
Wed Dec  7 10:52:17 UTC 2022
Wed Dec  7 10:52:42 UTC 2022
Wed Dec  7 10:53:12 UTC 2022
Wed Dec  7 10:53:37 UTC 2022
Wed Dec  7 10:54:07 UTC 2022
Wed Dec  7 10:54:32 UTC 2022
Wed Dec  7 10:55:02 UTC 2022
Wed Dec  7 10:55:27 UTC 2022
Wed Dec  7 10:55:53 UTC 2022
Wed Dec  7 10:56:23 UTC 2022
Wed Dec  7 10:56:48 UTC 2022
Wed Dec  7 10:57:18 UTC 2022
Wed Dec  7 10:57:43 UTC 2022
Wed Dec  7 10:58:13 UTC 2022
Wed Dec  7 10:58:43 UTC 2022
Wed Dec  7 10:59:13 UTC 2022
Wed Dec  7 10:59:44 UTC 2022
Wed Dec  7 11:00:09 UTC 2022
Wed Dec  7 11:00:39 UTC 2022
Wed Dec  7 11:01:04 UTC 2022
Wed Dec  7 11:01:34 UTC 2022
Wed Dec  7 11:01:59 UTC 2022
Wed Dec  7 11:02:24 UTC 2022
Wed Dec  7 11:02:54 UTC 2022
Wed Dec  7 11:03:20 UTC 2022
Wed Dec  7 11:03:50 UTC 2022
Wed Dec  7 11:04:15 UTC 2022
Wed Dec  7 11:04:40 UTC 2022
Wed Dec  7 11:05:10 UTC 2022
Wed Dec  7 11:05:35 UTC 2022
Wed Dec  7 11:06:00 UTC 2022
Wed Dec  7 11:06:30 UTC 2022
Wed Dec  7 11:06:55 UTC 2022
Wed Dec  7 11:07:26 UTC 2022
Wed Dec  7 11:07:51 UTC 2022
Wed Dec  7 11:08:21 UTC 2022
Wed Dec  7 11:08:46 UTC 2022
Wed Dec  7 11:09:16 UTC 2022
Wed Dec  7 11:09:41 UTC 2022
Wed Dec  7 11:10:06 UTC 2022
Wed Dec  7 11:10:36 UTC 2022
Wed Dec  7 11:11:01 UTC 2022
Wed Dec  7 11:11:32 UTC 2022
Wed Dec  7 11:11:57 UTC 2022
Wed Dec  7 11:12:22 UTC 2022
Wed Dec  7 11:12:52 UTC 2022
Wed Dec  7 11:13:17 UTC 2022
Wed Dec  7 11:13:47 UTC 2022
Wed Dec  7 11:14:17 UTC 2022
Wed Dec  7 11:14:42 UTC 2022
Wed Dec  7 11:15:13 UTC 2022
Wed Dec  7 11:15:43 UTC 2022
Wed Dec  7 11:16:08 UTC 2022
Wed Dec  7 11:16:38 UTC 2022
Wed Dec  7 11:17:03 UTC 2022
Wed Dec  7 11:17:33 UTC 2022
Wed Dec  7 11:17:58 UTC 2022
Wed Dec  7 11:18:28 UTC 2022
Wed Dec  7 11:18:54 UTC 2022
Wed Dec  7 11:19:24 UTC 2022
Wed Dec  7 11:19:49 UTC 2022
Wed Dec  7 11:20:19 UTC 2022
Wed Dec  7 11:20:44 UTC 2022
Wed Dec  7 11:21:09 UTC 2022
Wed Dec  7 11:21:39 UTC 2022
Wed Dec  7 11:22:04 UTC 2022
Wed Dec  7 11:22:35 UTC 2022
Wed Dec  7 11:23:00 UTC 2022
Wed Dec  7 11:23:25 UTC 2022
Wed Dec  7 11:23:55 UTC 2022
Wed Dec  7 11:24:20 UTC 2022
Wed Dec  7 11:24:50 UTC 2022
Wed Dec  7 11:25:15 UTC 2022
Wed Dec  7 11:25:45 UTC 2022
Wed Dec  7 11:26:10 UTC 2022
Wed Dec  7 11:26:41 UTC 2022
Wed Dec  7 11:27:11 UTC 2022
Wed Dec  7 11:27:36 UTC 2022
Wed Dec  7 11:28:06 UTC 2022
Wed Dec  7 11:28:36 UTC 2022
Wed Dec  7 11:29:01 UTC 2022
Wed Dec  7 11:29:31 UTC 2022
Wed Dec  7 11:29:56 UTC 2022
Wed Dec  7 11:30:27 UTC 2022
Wed Dec  7 11:30:57 UTC 2022
Wed Dec  7 11:31:22 UTC 2022
Wed Dec  7 11:31:52 UTC 2022
Wed Dec  7 11:32:17 UTC 2022
Wed Dec  7 11:32:42 UTC 2022
Wed Dec  7 11:33:12 UTC 2022
Wed Dec  7 11:33:37 UTC 2022
Wed Dec  7 11:34:07 UTC 2022
Wed Dec  7 11:34:33 UTC 2022
Wed Dec  7 11:34:58 UTC 2022
Wed Dec  7 11:35:23 UTC 2022
Wed Dec  7 11:35:53 UTC 2022
Wed Dec  7 11:36:18 UTC 2022
Wed Dec  7 11:36:48 UTC 2022
Wed Dec  7 11:37:18 UTC 2022
Wed Dec  7 11:37:43 UTC 2022
Wed Dec  7 11:38:13 UTC 2022
Wed Dec  7 11:38:39 UTC 2022
Wed Dec  7 11:39:09 UTC 2022
Wed Dec  7 11:39:34 UTC 2022
Wed Dec  7 11:40:04 UTC 2022
Wed Dec  7 11:40:34 UTC 2022
Wed Dec  7 11:41:04 UTC 2022
Wed Dec  7 11:41:34 UTC 2022
Wed Dec  7 11:42:04 UTC 2022
Wed Dec  7 11:42:30 UTC 2022
Wed Dec  7 11:43:00 UTC 2022
Wed Dec  7 11:43:30 UTC 2022
Wed Dec  7 11:43:55 UTC 2022
Wed Dec  7 11:44:25 UTC 2022
Wed Dec  7 11:44:55 UTC 2022
Wed Dec  7 11:45:25 UTC 2022
Wed Dec  7 11:45:50 UTC 2022
Wed Dec  7 11:46:15 UTC 2022
Wed Dec  7 11:46:46 UTC 2022
Wed Dec  7 11:47:11 UTC 2022
Wed Dec  7 11:47:41 UTC 2022
Wed Dec  7 11:48:11 UTC 2022
Wed Dec  7 11:48:36 UTC 2022
Wed Dec  7 11:49:06 UTC 2022
Wed Dec  7 11:49:31 UTC 2022
Wed Dec  7 11:49:56 UTC 2022
Wed Dec  7 11:50:26 UTC 2022
Wed Dec  7 11:50:52 UTC 2022
Wed Dec  7 11:51:22 UTC 2022
Wed Dec  7 11:51:47 UTC 2022
Wed Dec  7 11:52:12 UTC 2022
Wed Dec  7 11:52:42 UTC 2022
Wed Dec  7 11:53:12 UTC 2022
Wed Dec  7 11:53:52 UTC 2022
Wed Dec  7 11:54:33 UTC 2022
Wed Dec  7 11:55:18 UTC 2022
Wed Dec  7 11:56:03 UTC 2022
Wed Dec  7 12:04:10 UTC 2022
Wed Dec  7 12:04:36 UTC 2022
Wed Dec  7 12:05:06 UTC 2022
Wed Dec  7 12:05:36 UTC 2022
Wed Dec  7 12:06:01 UTC 2022
Wed Dec  7 12:06:31 UTC 2022
Wed Dec  7 12:06:56 UTC 2022
Wed Dec  7 12:07:21 UTC 2022
Wed Dec  7 12:07:51 UTC 2022
Wed Dec  7 12:08:17 UTC 2022
Wed Dec  7 12:08:47 UTC 2022
Wed Dec  7 12:09:12 UTC 2022
Wed Dec  7 12:09:42 UTC 2022
Wed Dec  7 12:10:07 UTC 2022
Wed Dec  7 12:10:37 UTC 2022
Wed Dec  7 12:11:02 UTC 2022
Wed Dec  7 12:11:32 UTC 2022
Wed Dec  7 12:11:58 UTC 2022
Wed Dec  7 12:12:28 UTC 2022
Wed Dec  7 12:12:53 UTC 2022
Wed Dec  7 12:13:18 UTC 2022
Wed Dec  7 12:13:48 UTC 2022
Wed Dec  7 12:14:13 UTC 2022
Wed Dec  7 12:14:43 UTC 2022
Tue Dec 13 11:33:38 UTC 2022
Tue Dec 13 17:42:53 UTC 2022
Tue Dec 13 19:07:37 UTC 2022
Tue Dec 13 22:22:08 UTC 2022
Tue Dec 13 22:41:41 UTC 2022
Wed Dec 14 00:00:09 UTC 2022
Wed Dec 14 05:26:12 UTC 2022
Wed Dec 14 08:38:53 UTC 2022
Wed Dec 14 10:54:05 UTC 2022
Wed Dec 14 13:02:31 UTC 2022
Wed Dec 14 15:20:48 UTC 2022
Thu Dec 15 06:40:41 UTC 2022
Mon Dec 19 08:04:06 UTC 2022
